<?xml version="1.0" encoding="UTF-8"?>
<testsuite name="com.example.invoicegenerator.InvoiceTest" tests="2" skipped="0" failures="0" errors="0" timestamp="2019-10-14T13:52:58" hostname="Vyshakhs-MacBook-Pro.local" time="0.01">
  <properties/>
  <testcase name="shouldReturnStatementWithTotalRidesFareAndAvgFare" classname="com.example.invoicegenerator.InvoiceTest" time="0.01"/>
  <testcase name="shouldReturnValidFareForMultipleRides" classname="com.example.invoicegenerator.InvoiceTest" time="0.0"/>
  <system-out><![CDATA[]]></system-out>
  <system-err><![CDATA[]]></system-err>
</testsuite>
