<?xml version="1.0" encoding="UTF-8"?>
<testsuite name="com.example.invoicegenerator.model.RideTest" tests="2" skipped="0" failures="0" errors="0" timestamp="2019-10-14T21:01:17" hostname="Vyshakhs-MacBook-Pro.local" time="0.001">
  <properties/>
  <testcase name="shouldReturnValidFareForDistanceAndDuration" classname="com.example.invoicegenerator.model.RideTest" time="0.0"/>
  <testcase name="shouldReturnMinimumFare" classname="com.example.invoicegenerator.model.RideTest" time="0.001"/>
  <system-out><![CDATA[]]></system-out>
  <system-err><![CDATA[]]></system-err>
</testsuite>
